mode: count
github.com/praqma/git-phlow/executor/executor.go:15.36,17.27 2 0
github.com/praqma/git-phlow/executor/executor.go:20.2,20.15 1 0
github.com/praqma/git-phlow/executor/executor.go:17.27,19.3 1 0
github.com/praqma/git-phlow/executor/executor.go:25.69,28.31 2 2
github.com/praqma/git-phlow/executor/executor.go:32.2,37.36 4 2
github.com/praqma/git-phlow/executor/executor.go:41.2,41.35 1 1
github.com/praqma/git-phlow/executor/executor.go:45.2,45.35 1 1
github.com/praqma/git-phlow/executor/executor.go:28.31,30.3 1 0
github.com/praqma/git-phlow/executor/executor.go:37.36,39.3 1 1
github.com/praqma/git-phlow/executor/executor.go:41.35,43.3 1 0
github.com/praqma/git-phlow/executor/executor.go:50.77,57.40 4 5
github.com/praqma/git-phlow/executor/executor.go:66.2,66.38 1 5
github.com/praqma/git-phlow/executor/executor.go:76.2,76.48 1 3
github.com/praqma/git-phlow/executor/executor.go:80.2,80.12 1 3
github.com/praqma/git-phlow/executor/executor.go:57.40,64.3 5 5
github.com/praqma/git-phlow/executor/executor.go:66.38,67.32 1 9
github.com/praqma/git-phlow/executor/executor.go:71.3,71.45 1 9
github.com/praqma/git-phlow/executor/executor.go:67.32,69.4 1 0
github.com/praqma/git-phlow/executor/executor.go:71.45,73.4 1 2
github.com/praqma/git-phlow/executor/executor.go:76.48,78.3 1 0
github.com/praqma/git-phlow/executor/executor.go:85.72,87.25 1 9
github.com/praqma/git-phlow/executor/executor.go:91.2,91.15 1 6
github.com/praqma/git-phlow/executor/executor.go:105.2,105.28 1 6
github.com/praqma/git-phlow/executor/executor.go:87.25,89.3 1 3
github.com/praqma/git-phlow/executor/executor.go:91.15,93.21 1 6
github.com/praqma/git-phlow/executor/executor.go:99.3,99.53 1 6
github.com/praqma/git-phlow/executor/executor.go:93.21,94.42 1 3
github.com/praqma/git-phlow/executor/executor.go:97.4,97.21 1 3
github.com/praqma/git-phlow/executor/executor.go:94.42,96.5 1 0
github.com/praqma/git-phlow/executor/executor.go:99.53,101.4 1 0
github.com/praqma/git-phlow/githandler/git.go:14.36,17.2 2 5
github.com/praqma/git-phlow/githandler/git.go:20.70,24.2 3 2
github.com/praqma/git-phlow/githandler/git.go:30.70,36.2 2 0
github.com/praqma/git-phlow/githandler/git.go:40.21,43.2 2 1
github.com/praqma/git-phlow/githandler/git.go:47.40,49.16 2 0
github.com/praqma/git-phlow/githandler/git.go:52.2,52.36 1 0
github.com/praqma/git-phlow/githandler/git.go:49.16,51.3 1 0
github.com/praqma/git-phlow/githandler/git.go:56.18,59.2 2 0
github.com/praqma/git-phlow/githandler/git.go:62.45,64.2 1 0
github.com/praqma/git-phlow/githandler/git.go:67.20,70.2 2 1
github.com/praqma/git-phlow/githandler/git.go:73.25,76.2 2 0
github.com/praqma/git-phlow/githandler/git.go:79.29,81.2 1 0
github.com/praqma/git-phlow/githandler/git.go:84.29,86.2 1 0
github.com/praqma/git-phlow/githandler/git.go:89.63,94.2 3 0
github.com/praqma/git-phlow/githandler/git.go:97.33,100.2 2 0
github.com/praqma/git-phlow/githandler/git.go:111.36,114.95 3 0
github.com/praqma/git-phlow/githandler/git.go:117.2,118.37 2 0
github.com/praqma/git-phlow/githandler/git.go:114.95,116.3 1 0
github.com/praqma/git-phlow/githandler/git.go:121.49,125.36 2 3
github.com/praqma/git-phlow/githandler/git.go:130.2,130.36 1 1
github.com/praqma/git-phlow/githandler/git.go:138.2,138.22 1 0
github.com/praqma/git-phlow/githandler/git.go:125.36,128.3 2 2
github.com/praqma/git-phlow/githandler/git.go:130.36,135.3 4 1
github.com/praqma/git-phlow/githandler/branch.go:16.37,18.16 2 0
github.com/praqma/git-phlow/githandler/branch.go:21.2,21.8 1 0
github.com/praqma/git-phlow/githandler/branch.go:18.16,20.3 1 0
github.com/praqma/git-phlow/githandler/branch.go:25.36,30.17 4 7
github.com/praqma/git-phlow/githandler/branch.go:34.2,35.17 2 7
github.com/praqma/git-phlow/githandler/branch.go:39.2,40.53 2 7
github.com/praqma/git-phlow/githandler/branch.go:47.2,47.19 1 7
github.com/praqma/git-phlow/githandler/branch.go:30.17,32.3 1 0
github.com/praqma/git-phlow/githandler/branch.go:35.17,37.3 1 0
github.com/praqma/git-phlow/githandler/branch.go:40.53,41.19 1 80
github.com/praqma/git-phlow/githandler/branch.go:41.19,45.4 3 73
github.com/praqma/git-phlow/githandler/branch.go:51.38,54.2 2 0
github.com/praqma/git-phlow/githandler/branch.go:57.82,58.18 1 3
github.com/praqma/git-phlow/githandler/branch.go:62.2,62.11 1 1
github.com/praqma/git-phlow/githandler/branch.go:65.2,65.61 1 1
github.com/praqma/git-phlow/githandler/branch.go:58.18,60.3 1 2
github.com/praqma/git-phlow/githandler/branch.go:62.11,64.3 1 0
github.com/praqma/git-phlow/githandler/branch.go:69.87,72.16 2 1
github.com/praqma/git-phlow/githandler/branch.go:76.2,76.35 1 1
github.com/praqma/git-phlow/githandler/branch.go:85.2,85.8 1 1
github.com/praqma/git-phlow/githandler/branch.go:72.16,74.3 1 0
github.com/praqma/git-phlow/githandler/branch.go:76.35,77.46 1 11
github.com/praqma/git-phlow/githandler/branch.go:80.3,80.64 1 11
github.com/praqma/git-phlow/githandler/branch.go:77.46,79.4 1 1
github.com/praqma/git-phlow/githandler/branch.go:80.64,83.4 2 2
github.com/praqma/git-phlow/githandler/branch.go:88.37,90.16 2 1
github.com/praqma/git-phlow/githandler/branch.go:93.2,93.39 1 1
github.com/praqma/git-phlow/githandler/branch.go:90.16,92.3 1 0
github.com/praqma/git-phlow/githandler/branch.go:97.74,99.16 2 1
github.com/praqma/git-phlow/githandler/branch.go:103.2,103.35 1 1
github.com/praqma/git-phlow/githandler/branch.go:109.2,109.8 1 1
github.com/praqma/git-phlow/githandler/branch.go:99.16,101.3 1 0
github.com/praqma/git-phlow/githandler/branch.go:103.35,104.62 1 11
github.com/praqma/git-phlow/githandler/branch.go:104.62,107.4 2 2
github.com/praqma/git-phlow/githandler/branch.go:113.43,115.16 2 2
github.com/praqma/git-phlow/githandler/branch.go:118.2,118.29 1 1
github.com/praqma/git-phlow/githandler/branch.go:115.16,117.3 1 1
github.com/praqma/git-phlow/githandler/config.go:11.47,15.2 3 4
github.com/praqma/git-phlow/githandler/config.go:18.42,22.2 3 0
github.com/praqma/git-phlow/githandler/config.go:25.48,29.2 3 0
github.com/praqma/git-phlow/phlow/cleanup.go:12.31,17.31 3 2
github.com/praqma/git-phlow/phlow/cleanup.go:25.2,25.30 1 2
github.com/praqma/git-phlow/phlow/cleanup.go:36.2,36.29 1 2
github.com/praqma/git-phlow/phlow/cleanup.go:17.31,18.95 1 2
github.com/praqma/git-phlow/phlow/cleanup.go:18.95,20.4 1 0
github.com/praqma/git-phlow/phlow/cleanup.go:20.4,22.4 1 2
github.com/praqma/git-phlow/phlow/cleanup.go:25.30,26.33 1 1
github.com/praqma/git-phlow/phlow/cleanup.go:33.3,33.26 1 1
github.com/praqma/git-phlow/phlow/cleanup.go:26.33,27.85 1 2
github.com/praqma/git-phlow/phlow/cleanup.go:27.85,29.5 1 0
github.com/praqma/git-phlow/phlow/cleanup.go:29.5,31.5 1 2
github.com/praqma/git-phlow/phlow/cleanup.go:36.29,37.23 1 1
github.com/praqma/git-phlow/phlow/cleanup.go:37.23,40.4 2 1
github.com/praqma/git-phlow/phlow/deliver.go:15.36,24.98 5 0
github.com/praqma/git-phlow/phlow/deliver.go:29.2,30.16 2 0
github.com/praqma/git-phlow/phlow/deliver.go:35.2,35.68 1 0
github.com/praqma/git-phlow/phlow/deliver.go:41.2,42.16 2 0
github.com/praqma/git-phlow/phlow/deliver.go:48.2,49.76 2 0
github.com/praqma/git-phlow/phlow/deliver.go:24.98,27.3 2 0
github.com/praqma/git-phlow/phlow/deliver.go:30.16,33.3 2 0
github.com/praqma/git-phlow/phlow/deliver.go:35.68,39.3 2 0
github.com/praqma/git-phlow/phlow/deliver.go:42.16,46.3 3 0
github.com/praqma/git-phlow/phlow/deliver.go:53.41,58.98 2 0
github.com/praqma/git-phlow/phlow/deliver.go:64.2,64.59 1 0
github.com/praqma/git-phlow/phlow/deliver.go:70.2,74.16 4 0
github.com/praqma/git-phlow/phlow/deliver.go:80.2,80.60 1 0
github.com/praqma/git-phlow/phlow/deliver.go:85.2,89.16 3 0
github.com/praqma/git-phlow/phlow/deliver.go:93.2,94.121 2 0
github.com/praqma/git-phlow/phlow/deliver.go:58.98,61.3 2 0
github.com/praqma/git-phlow/phlow/deliver.go:64.59,67.3 2 0
github.com/praqma/git-phlow/phlow/deliver.go:74.16,77.3 2 0
github.com/praqma/git-phlow/phlow/deliver.go:80.60,83.3 2 0
github.com/praqma/git-phlow/phlow/deliver.go:89.16,92.3 2 0
github.com/praqma/git-phlow/phlow/deliver.go:99.39,104.16 3 5
github.com/praqma/git-phlow/phlow/deliver.go:108.2,108.38 1 3
github.com/praqma/git-phlow/phlow/deliver.go:112.2,112.12 1 3
github.com/praqma/git-phlow/phlow/deliver.go:104.16,106.3 1 2
github.com/praqma/git-phlow/phlow/deliver.go:108.38,110.3 1 2
github.com/praqma/git-phlow/phlow/deliver.go:117.55,120.19 1 7
github.com/praqma/git-phlow/phlow/deliver.go:123.2,123.28 1 5
github.com/praqma/git-phlow/phlow/deliver.go:120.19,122.3 1 2
github.com/praqma/git-phlow/phlow/mkalias.go:12.16,24.34 11 0
github.com/praqma/git-phlow/phlow/mkalias.go:34.2,34.44 1 0
github.com/praqma/git-phlow/phlow/mkalias.go:24.34,26.16 2 0
github.com/praqma/git-phlow/phlow/mkalias.go:26.16,29.4 2 0
github.com/praqma/git-phlow/phlow/mkalias.go:29.4,31.4 1 0
github.com/praqma/git-phlow/phlow/workon.go:15.24,18.43 3 0
github.com/praqma/git-phlow/phlow/workon.go:23.2,24.16 2 0
github.com/praqma/git-phlow/phlow/workon.go:29.2,29.62 1 0
github.com/praqma/git-phlow/phlow/workon.go:34.2,34.41 1 0
github.com/praqma/git-phlow/phlow/workon.go:46.2,47.16 2 0
github.com/praqma/git-phlow/phlow/workon.go:52.2,53.16 2 0
github.com/praqma/git-phlow/phlow/workon.go:58.2,58.35 1 0
github.com/praqma/git-phlow/phlow/workon.go:73.2,74.35 2 0
github.com/praqma/git-phlow/phlow/workon.go:18.43,21.3 2 0
github.com/praqma/git-phlow/phlow/workon.go:24.16,27.3 2 0
github.com/praqma/git-phlow/phlow/workon.go:29.62,32.3 2 0
github.com/praqma/git-phlow/phlow/workon.go:34.41,35.51 1 0
github.com/praqma/git-phlow/phlow/workon.go:35.51,36.53 1 0
github.com/praqma/git-phlow/phlow/workon.go:39.4,41.10 3 0
github.com/praqma/git-phlow/phlow/workon.go:36.53,38.5 1 0
github.com/praqma/git-phlow/phlow/workon.go:47.16,50.3 2 0
github.com/praqma/git-phlow/phlow/workon.go:53.16,55.3 1 0
github.com/praqma/git-phlow/phlow/workon.go:58.35,59.26 1 0
github.com/praqma/git-phlow/phlow/workon.go:59.26,61.85 2 0
github.com/praqma/git-phlow/phlow/workon.go:65.4,70.10 4 0
github.com/praqma/git-phlow/phlow/workon.go:61.85,64.5 2 0
github.com/praqma/git-phlow/phlow/workon.go:79.29,83.109 2 0
github.com/praqma/git-phlow/phlow/workon.go:87.2,87.64 1 0
github.com/praqma/git-phlow/phlow/workon.go:91.2,96.8 6 0
github.com/praqma/git-phlow/phlow/workon.go:83.109,85.3 1 0
github.com/praqma/git-phlow/phlow/workon.go:87.64,89.3 1 0
github.com/praqma/git-phlow/phlow/upnext.go:16.57,18.18 1 0
github.com/praqma/git-phlow/phlow/upnext.go:22.2,24.24 2 0
github.com/praqma/git-phlow/phlow/upnext.go:33.2,33.37 1 0
github.com/praqma/git-phlow/phlow/upnext.go:36.2,36.11 1 0
github.com/praqma/git-phlow/phlow/upnext.go:18.18,20.3 1 0
github.com/praqma/git-phlow/phlow/upnext.go:24.24,25.38 1 0
github.com/praqma/git-phlow/phlow/upnext.go:29.3,30.9 2 0
github.com/praqma/git-phlow/phlow/upnext.go:25.38,27.4 1 0
github.com/praqma/git-phlow/phlow/upnext.go:33.37,35.3 1 0
github.com/praqma/git-phlow/phlow/upnext.go:41.61,47.30 4 2
github.com/praqma/git-phlow/phlow/upnext.go:58.2,59.19 2 2
github.com/praqma/git-phlow/phlow/upnext.go:62.2,64.19 2 2
github.com/praqma/git-phlow/phlow/upnext.go:68.2,68.11 1 0
github.com/praqma/git-phlow/phlow/upnext.go:47.30,48.56 1 4
github.com/praqma/git-phlow/phlow/upnext.go:48.56,51.39 2 4
github.com/praqma/git-phlow/phlow/upnext.go:51.39,53.5 1 0
github.com/praqma/git-phlow/phlow/upnext.go:59.19,61.3 1 4
github.com/praqma/git-phlow/phlow/upnext.go:64.19,67.3 2 2
github.com/praqma/git-phlow/phlow/upnext.go:72.64,74.41 1 3
github.com/praqma/git-phlow/phlow/upnext.go:78.2,78.13 1 1
github.com/praqma/git-phlow/phlow/upnext.go:74.41,77.3 2 2
github.com/praqma/git-phlow/phlow/web.go:14.25,21.16 4 0
github.com/praqma/git-phlow/phlow/web.go:27.2,28.16 2 0
github.com/praqma/git-phlow/phlow/web.go:33.2,35.21 2 0
github.com/praqma/git-phlow/phlow/web.go:44.2,44.23 1 0
github.com/praqma/git-phlow/phlow/web.go:50.2,51.47 2 0
github.com/praqma/git-phlow/phlow/web.go:21.16,24.3 2 0
github.com/praqma/git-phlow/phlow/web.go:28.16,31.3 2 0
github.com/praqma/git-phlow/phlow/web.go:35.21,38.17 3 0
github.com/praqma/git-phlow/phlow/web.go:41.3,41.13 1 0
github.com/praqma/git-phlow/phlow/web.go:38.17,40.4 1 0
github.com/praqma/git-phlow/phlow/web.go:44.23,48.3 3 0
github.com/praqma/git-phlow/phlow/wrapup.go:14.15,17.41 1 0
github.com/praqma/git-phlow/phlow/wrapup.go:23.2,26.42 3 0
github.com/praqma/git-phlow/phlow/wrapup.go:32.2,32.51 1 0
github.com/praqma/git-phlow/phlow/wrapup.go:36.2,36.31 1 0
github.com/praqma/git-phlow/phlow/wrapup.go:17.41,20.3 2 0
github.com/praqma/git-phlow/phlow/wrapup.go:26.42,28.3 1 0
github.com/praqma/git-phlow/phlow/wrapup.go:28.3,30.3 1 0
github.com/praqma/git-phlow/phlow/wrapup.go:32.51,35.3 2 0
github.com/praqma/git-phlow/phlow/auth.go:19.13,23.31 3 0
github.com/praqma/git-phlow/phlow/auth.go:28.2,36.16 5 0
github.com/praqma/git-phlow/phlow/auth.go:42.2,45.68 3 0
github.com/praqma/git-phlow/phlow/auth.go:23.31,26.3 2 0
github.com/praqma/git-phlow/phlow/auth.go:36.16,40.3 3 0
github.com/praqma/git-phlow/phlow/auth.go:50.45,56.2 4 0
github.com/praqma/git-phlow/phlow/auth.go:60.48,64.2 3 0
github.com/praqma/git-phlow/phlow/issues.go:16.18,20.16 3 1
github.com/praqma/git-phlow/phlow/issues.go:24.2,27.59 2 1
github.com/praqma/git-phlow/phlow/issues.go:37.2,37.46 1 1
github.com/praqma/git-phlow/phlow/issues.go:56.2,58.31 2 1
github.com/praqma/git-phlow/phlow/issues.go:20.16,23.3 2 0
github.com/praqma/git-phlow/phlow/issues.go:27.59,29.27 2 0
github.com/praqma/git-phlow/phlow/issues.go:34.3,34.15 1 0
github.com/praqma/git-phlow/phlow/issues.go:29.27,30.23 1 0
github.com/praqma/git-phlow/phlow/issues.go:30.23,32.5 1 0
github.com/praqma/git-phlow/phlow/issues.go:37.46,43.38 4 30
github.com/praqma/git-phlow/phlow/issues.go:48.3,48.40 1 30
github.com/praqma/git-phlow/phlow/issues.go:51.3,53.16 2 30
github.com/praqma/git-phlow/phlow/issues.go:43.38,46.4 1 54
github.com/praqma/git-phlow/phlow/issues.go:48.40,50.4 1 2
github.com/praqma/git-phlow/phlow/issues.go:58.31,61.29 2 30
github.com/praqma/git-phlow/phlow/issues.go:61.29,62.28 1 0
github.com/praqma/git-phlow/phlow/issues.go:62.28,64.5 1 0
github.com/praqma/git-phlow/phlow/issues.go:65.4,67.4 1 30
github.com/praqma/git-phlow/phlow/park.go:3.13,5.2 0 0
github.com/praqma/git-phlow/phlow/sync.go:12.13,16.16 3 0
github.com/praqma/git-phlow/phlow/sync.go:21.2,23.12 2 0
github.com/praqma/git-phlow/phlow/sync.go:16.16,19.3 2 0
github.com/praqma/git-phlow/phlow/sync.go:23.12,26.12 2 0
github.com/praqma/git-phlow/phlow/sync.go:26.12,33.16 5 0
github.com/praqma/git-phlow/phlow/sync.go:33.16,37.5 2 0
github.com/praqma/git-phlow/phlow/sync.go:37.5,39.5 1 0
github.com/praqma/git-phlow/phlow/sync.go:42.3,44.3 0 0
github.com/praqma/git-phlow/phlow/sync.go:48.55,52.2 3 5
github.com/praqma/git-phlow/plugins/gh.go:28.13,49.2 6 1
github.com/praqma/git-phlow/plugins/gh.go:52.63,61.16 7 1
github.com/praqma/git-phlow/plugins/gh.go:65.2,66.49 2 1
github.com/praqma/git-phlow/plugins/gh.go:69.2,69.16 1 1
github.com/praqma/git-phlow/plugins/gh.go:61.16,63.3 1 0
github.com/praqma/git-phlow/plugins/gh.go:66.49,68.3 1 0
github.com/praqma/git-phlow/plugins/gh.go:73.84,82.16 6 1
github.com/praqma/git-phlow/plugins/gh.go:86.2,87.49 2 1
github.com/praqma/git-phlow/plugins/gh.go:90.2,90.16 1 1
github.com/praqma/git-phlow/plugins/gh.go:82.16,84.3 1 0
github.com/praqma/git-phlow/plugins/gh.go:87.49,89.3 1 0
github.com/praqma/git-phlow/plugins/gh.go:95.59,105.16 7 1
github.com/praqma/git-phlow/plugins/gh.go:109.2,110.49 2 1
github.com/praqma/git-phlow/plugins/gh.go:113.2,113.30 1 1
github.com/praqma/git-phlow/plugins/gh.go:105.16,107.3 1 0
github.com/praqma/git-phlow/plugins/gh.go:110.49,112.3 1 0
github.com/praqma/git-phlow/plugins/gh.go:118.74,128.16 7 1
github.com/praqma/git-phlow/plugins/gh.go:131.2,131.12 1 1
github.com/praqma/git-phlow/plugins/gh.go:128.16,130.3 1 0
github.com/praqma/git-phlow/plugins/gh.go:142.44,144.16 2 2
github.com/praqma/git-phlow/plugins/gh.go:148.2,149.31 2 2
github.com/praqma/git-phlow/plugins/gh.go:153.2,158.16 3 2
github.com/praqma/git-phlow/plugins/gh.go:161.2,161.25 1 2
github.com/praqma/git-phlow/plugins/gh.go:144.16,146.3 1 0
github.com/praqma/git-phlow/plugins/gh.go:149.31,151.3 1 0
github.com/praqma/git-phlow/plugins/gh.go:158.16,160.3 1 0
github.com/praqma/git-phlow/plugins/gh.go:166.72,169.16 2 1
github.com/praqma/git-phlow/plugins/gh.go:173.2,178.16 5 1
github.com/praqma/git-phlow/plugins/gh.go:182.2,183.49 2 1
github.com/praqma/git-phlow/plugins/gh.go:186.2,186.22 1 1
github.com/praqma/git-phlow/plugins/gh.go:169.16,171.3 1 0
github.com/praqma/git-phlow/plugins/gh.go:178.16,180.3 1 0
github.com/praqma/git-phlow/plugins/gh.go:183.49,185.3 1 0
github.com/praqma/git-phlow/plugins/plugin.go:22.13,39.2 16 1
github.com/praqma/git-phlow/plugins/plugin.go:42.31,43.30 1 0
github.com/praqma/git-phlow/plugins/plugin.go:46.2,46.10 1 0
github.com/praqma/git-phlow/plugins/plugin.go:43.30,45.3 1 0
github.com/praqma/git-phlow/plugins/plugin.go:51.57,63.2 8 7
github.com/praqma/git-phlow/plugins/plugin.go:67.45,69.16 2 1
github.com/praqma/git-phlow/plugins/plugin.go:72.2,72.12 1 1
github.com/praqma/git-phlow/plugins/plugin.go:69.16,71.3 1 0
github.com/praqma/git-phlow/plugins/plugin.go:77.51,79.27 2 2
github.com/praqma/git-phlow/plugins/plugin.go:82.2,82.24 1 2
github.com/praqma/git-phlow/plugins/plugin.go:79.27,81.3 1 5
github.com/praqma/git-phlow/plugins/pservice.go:31.52,33.2 1 5
github.com/praqma/git-phlow/plugins/pservice.go:37.39,39.2 1 5
github.com/praqma/git-phlow/plugins/pservice.go:43.73,45.31 1 5
github.com/praqma/git-phlow/plugins/pservice.go:49.2,49.45 1 5
github.com/praqma/git-phlow/plugins/pservice.go:53.2,55.44 2 5
github.com/praqma/git-phlow/plugins/pservice.go:59.2,59.56 1 5
github.com/praqma/git-phlow/plugins/pservice.go:62.2,62.18 1 5
github.com/praqma/git-phlow/plugins/pservice.go:45.31,47.3 1 0
github.com/praqma/git-phlow/plugins/pservice.go:49.45,51.3 1 0
github.com/praqma/git-phlow/plugins/pservice.go:55.44,57.3 1 0
github.com/praqma/git-phlow/plugins/pservice.go:59.56,61.3 1 0
github.com/praqma/git-phlow/plugins/pservice.go:67.46,68.24 1 5
github.com/praqma/git-phlow/plugins/pservice.go:69.26,70.13 1 2
github.com/praqma/git-phlow/plugins/pservice.go:71.21,72.13 1 3
github.com/praqma/git-phlow/plugins/pservice.go:73.11,75.54 1 0
github.com/praqma/git-phlow/plugins/pservice.go:76.27,78.69 1 0
github.com/praqma/git-phlow/plugins/pservice.go:79.10,81.79 1 0
