mode: count
github.com/praqma/git-phlow/phlow/cleanup.go:12.31,17.31 3 2
github.com/praqma/git-phlow/phlow/cleanup.go:25.2,25.30 1 2
github.com/praqma/git-phlow/phlow/cleanup.go:36.2,36.29 1 2
github.com/praqma/git-phlow/phlow/cleanup.go:17.31,18.95 1 2
github.com/praqma/git-phlow/phlow/cleanup.go:18.95,20.4 1 0
github.com/praqma/git-phlow/phlow/cleanup.go:20.4,22.4 1 2
github.com/praqma/git-phlow/phlow/cleanup.go:25.30,26.33 1 1
github.com/praqma/git-phlow/phlow/cleanup.go:33.3,33.26 1 1
github.com/praqma/git-phlow/phlow/cleanup.go:26.33,27.85 1 2
github.com/praqma/git-phlow/phlow/cleanup.go:27.85,29.5 1 0
github.com/praqma/git-phlow/phlow/cleanup.go:29.5,31.5 1 2
github.com/praqma/git-phlow/phlow/cleanup.go:36.29,37.23 1 1
github.com/praqma/git-phlow/phlow/cleanup.go:37.23,40.4 2 1
github.com/praqma/git-phlow/phlow/deliver.go:15.36,24.98 5 0
github.com/praqma/git-phlow/phlow/deliver.go:29.2,30.16 2 0
github.com/praqma/git-phlow/phlow/deliver.go:35.2,35.68 1 0
github.com/praqma/git-phlow/phlow/deliver.go:41.2,42.16 2 0
github.com/praqma/git-phlow/phlow/deliver.go:48.2,49.76 2 0
github.com/praqma/git-phlow/phlow/deliver.go:24.98,27.3 2 0
github.com/praqma/git-phlow/phlow/deliver.go:30.16,33.3 2 0
github.com/praqma/git-phlow/phlow/deliver.go:35.68,39.3 2 0
github.com/praqma/git-phlow/phlow/deliver.go:42.16,46.3 3 0
github.com/praqma/git-phlow/phlow/deliver.go:53.41,58.98 2 0
github.com/praqma/git-phlow/phlow/deliver.go:64.2,64.59 1 0
github.com/praqma/git-phlow/phlow/deliver.go:70.2,74.16 4 0
github.com/praqma/git-phlow/phlow/deliver.go:80.2,80.60 1 0
github.com/praqma/git-phlow/phlow/deliver.go:85.2,89.16 3 0
github.com/praqma/git-phlow/phlow/deliver.go:93.2,94.121 2 0
github.com/praqma/git-phlow/phlow/deliver.go:58.98,61.3 2 0
github.com/praqma/git-phlow/phlow/deliver.go:64.59,67.3 2 0
github.com/praqma/git-phlow/phlow/deliver.go:74.16,77.3 2 0
github.com/praqma/git-phlow/phlow/deliver.go:80.60,83.3 2 0
github.com/praqma/git-phlow/phlow/deliver.go:89.16,92.3 2 0
github.com/praqma/git-phlow/phlow/deliver.go:99.39,104.16 3 5
github.com/praqma/git-phlow/phlow/deliver.go:108.2,108.38 1 3
github.com/praqma/git-phlow/phlow/deliver.go:112.2,112.12 1 3
github.com/praqma/git-phlow/phlow/deliver.go:104.16,106.3 1 2
github.com/praqma/git-phlow/phlow/deliver.go:108.38,110.3 1 2
github.com/praqma/git-phlow/phlow/deliver.go:117.55,120.19 1 7
github.com/praqma/git-phlow/phlow/deliver.go:123.2,123.28 1 5
github.com/praqma/git-phlow/phlow/deliver.go:120.19,122.3 1 2
github.com/praqma/git-phlow/phlow/mkalias.go:12.16,24.34 11 0
github.com/praqma/git-phlow/phlow/mkalias.go:34.2,34.44 1 0
github.com/praqma/git-phlow/phlow/mkalias.go:24.34,26.16 2 0
github.com/praqma/git-phlow/phlow/mkalias.go:26.16,29.4 2 0
github.com/praqma/git-phlow/phlow/mkalias.go:29.4,31.4 1 0
github.com/praqma/git-phlow/phlow/workon.go:15.24,18.43 3 0
github.com/praqma/git-phlow/phlow/workon.go:23.2,24.16 2 0
github.com/praqma/git-phlow/phlow/workon.go:29.2,29.62 1 0
github.com/praqma/git-phlow/phlow/workon.go:34.2,34.41 1 0
github.com/praqma/git-phlow/phlow/workon.go:46.2,47.16 2 0
github.com/praqma/git-phlow/phlow/workon.go:52.2,53.16 2 0
github.com/praqma/git-phlow/phlow/workon.go:58.2,58.35 1 0
github.com/praqma/git-phlow/phlow/workon.go:73.2,74.35 2 0
github.com/praqma/git-phlow/phlow/workon.go:18.43,21.3 2 0
github.com/praqma/git-phlow/phlow/workon.go:24.16,27.3 2 0
github.com/praqma/git-phlow/phlow/workon.go:29.62,32.3 2 0
github.com/praqma/git-phlow/phlow/workon.go:34.41,35.51 1 0
github.com/praqma/git-phlow/phlow/workon.go:35.51,36.53 1 0
github.com/praqma/git-phlow/phlow/workon.go:39.4,41.10 3 0
github.com/praqma/git-phlow/phlow/workon.go:36.53,38.5 1 0
github.com/praqma/git-phlow/phlow/workon.go:47.16,50.3 2 0
github.com/praqma/git-phlow/phlow/workon.go:53.16,55.3 1 0
github.com/praqma/git-phlow/phlow/workon.go:58.35,59.26 1 0
github.com/praqma/git-phlow/phlow/workon.go:59.26,61.85 2 0
github.com/praqma/git-phlow/phlow/workon.go:65.4,70.10 4 0
github.com/praqma/git-phlow/phlow/workon.go:61.85,64.5 2 0
github.com/praqma/git-phlow/phlow/workon.go:79.29,83.109 2 0
github.com/praqma/git-phlow/phlow/workon.go:87.2,87.64 1 0
github.com/praqma/git-phlow/phlow/workon.go:91.2,96.8 6 0
github.com/praqma/git-phlow/phlow/workon.go:83.109,85.3 1 0
github.com/praqma/git-phlow/phlow/workon.go:87.64,89.3 1 0
github.com/praqma/git-phlow/phlow/upnext.go:16.57,18.18 1 0
github.com/praqma/git-phlow/phlow/upnext.go:22.2,24.24 2 0
github.com/praqma/git-phlow/phlow/upnext.go:33.2,33.37 1 0
github.com/praqma/git-phlow/phlow/upnext.go:36.2,36.11 1 0
github.com/praqma/git-phlow/phlow/upnext.go:18.18,20.3 1 0
github.com/praqma/git-phlow/phlow/upnext.go:24.24,25.38 1 0
github.com/praqma/git-phlow/phlow/upnext.go:29.3,30.9 2 0
github.com/praqma/git-phlow/phlow/upnext.go:25.38,27.4 1 0
github.com/praqma/git-phlow/phlow/upnext.go:33.37,35.3 1 0
github.com/praqma/git-phlow/phlow/upnext.go:41.61,47.30 4 2
github.com/praqma/git-phlow/phlow/upnext.go:58.2,59.19 2 2
github.com/praqma/git-phlow/phlow/upnext.go:62.2,64.19 2 2
github.com/praqma/git-phlow/phlow/upnext.go:68.2,68.11 1 0
github.com/praqma/git-phlow/phlow/upnext.go:47.30,48.56 1 4
github.com/praqma/git-phlow/phlow/upnext.go:48.56,51.39 2 4
github.com/praqma/git-phlow/phlow/upnext.go:51.39,53.5 1 0
github.com/praqma/git-phlow/phlow/upnext.go:59.19,61.3 1 4
github.com/praqma/git-phlow/phlow/upnext.go:64.19,67.3 2 2
github.com/praqma/git-phlow/phlow/upnext.go:72.64,74.41 1 3
github.com/praqma/git-phlow/phlow/upnext.go:78.2,78.13 1 1
github.com/praqma/git-phlow/phlow/upnext.go:74.41,77.3 2 2
github.com/praqma/git-phlow/phlow/web.go:14.25,21.16 4 0
github.com/praqma/git-phlow/phlow/web.go:27.2,28.16 2 0
github.com/praqma/git-phlow/phlow/web.go:33.2,35.21 2 0
github.com/praqma/git-phlow/phlow/web.go:44.2,44.23 1 0
github.com/praqma/git-phlow/phlow/web.go:50.2,51.47 2 0
github.com/praqma/git-phlow/phlow/web.go:21.16,24.3 2 0
github.com/praqma/git-phlow/phlow/web.go:28.16,31.3 2 0
github.com/praqma/git-phlow/phlow/web.go:35.21,38.17 3 0
github.com/praqma/git-phlow/phlow/web.go:41.3,41.13 1 0
github.com/praqma/git-phlow/phlow/web.go:38.17,40.4 1 0
github.com/praqma/git-phlow/phlow/web.go:44.23,48.3 3 0
github.com/praqma/git-phlow/phlow/wrapup.go:14.15,17.41 1 0
github.com/praqma/git-phlow/phlow/wrapup.go:23.2,26.42 3 0
github.com/praqma/git-phlow/phlow/wrapup.go:32.2,32.51 1 0
github.com/praqma/git-phlow/phlow/wrapup.go:36.2,36.31 1 0
github.com/praqma/git-phlow/phlow/wrapup.go:17.41,20.3 2 0
github.com/praqma/git-phlow/phlow/wrapup.go:26.42,28.3 1 0
github.com/praqma/git-phlow/phlow/wrapup.go:28.3,30.3 1 0
github.com/praqma/git-phlow/phlow/wrapup.go:32.51,35.3 2 0
github.com/praqma/git-phlow/phlow/auth.go:19.13,23.31 3 0
github.com/praqma/git-phlow/phlow/auth.go:28.2,36.16 5 0
github.com/praqma/git-phlow/phlow/auth.go:42.2,45.68 3 0
github.com/praqma/git-phlow/phlow/auth.go:23.31,26.3 2 0
github.com/praqma/git-phlow/phlow/auth.go:36.16,40.3 3 0
github.com/praqma/git-phlow/phlow/auth.go:50.45,56.2 4 0
github.com/praqma/git-phlow/phlow/auth.go:60.48,64.2 3 0
github.com/praqma/git-phlow/phlow/issues.go:16.18,20.16 3 1
github.com/praqma/git-phlow/phlow/issues.go:24.2,27.59 2 1
github.com/praqma/git-phlow/phlow/issues.go:37.2,37.46 1 1
github.com/praqma/git-phlow/phlow/issues.go:56.2,58.31 2 1
github.com/praqma/git-phlow/phlow/issues.go:20.16,23.3 2 0
github.com/praqma/git-phlow/phlow/issues.go:27.59,29.27 2 0
github.com/praqma/git-phlow/phlow/issues.go:34.3,34.15 1 0
github.com/praqma/git-phlow/phlow/issues.go:29.27,30.23 1 0
github.com/praqma/git-phlow/phlow/issues.go:30.23,32.5 1 0
github.com/praqma/git-phlow/phlow/issues.go:37.46,43.38 4 30
github.com/praqma/git-phlow/phlow/issues.go:48.3,48.40 1 30
github.com/praqma/git-phlow/phlow/issues.go:51.3,53.16 2 30
github.com/praqma/git-phlow/phlow/issues.go:43.38,46.4 1 54
github.com/praqma/git-phlow/phlow/issues.go:48.40,50.4 1 2
github.com/praqma/git-phlow/phlow/issues.go:58.31,61.29 2 30
github.com/praqma/git-phlow/phlow/issues.go:61.29,62.28 1 0
github.com/praqma/git-phlow/phlow/issues.go:62.28,64.5 1 0
github.com/praqma/git-phlow/phlow/issues.go:65.4,67.4 1 30
github.com/praqma/git-phlow/phlow/park.go:3.13,5.2 0 0
github.com/praqma/git-phlow/phlow/sync.go:12.13,16.16 3 0
github.com/praqma/git-phlow/phlow/sync.go:21.2,23.12 2 0
github.com/praqma/git-phlow/phlow/sync.go:16.16,19.3 2 0
github.com/praqma/git-phlow/phlow/sync.go:23.12,26.12 2 0
github.com/praqma/git-phlow/phlow/sync.go:26.12,33.16 5 0
github.com/praqma/git-phlow/phlow/sync.go:33.16,37.5 2 0
github.com/praqma/git-phlow/phlow/sync.go:37.5,39.5 1 0
github.com/praqma/git-phlow/phlow/sync.go:42.3,44.3 0 0
github.com/praqma/git-phlow/phlow/sync.go:48.55,52.2 3 5
