mode: count
github.com/praqma/git-phlow/plugins/gh.go:28.13,49.2 6 1
github.com/praqma/git-phlow/plugins/gh.go:52.63,61.16 7 1
github.com/praqma/git-phlow/plugins/gh.go:65.2,66.49 2 1
github.com/praqma/git-phlow/plugins/gh.go:69.2,69.16 1 1
github.com/praqma/git-phlow/plugins/gh.go:61.16,63.3 1 0
github.com/praqma/git-phlow/plugins/gh.go:66.49,68.3 1 0
github.com/praqma/git-phlow/plugins/gh.go:73.84,82.16 6 1
github.com/praqma/git-phlow/plugins/gh.go:86.2,87.49 2 1
github.com/praqma/git-phlow/plugins/gh.go:90.2,90.16 1 1
github.com/praqma/git-phlow/plugins/gh.go:82.16,84.3 1 0
github.com/praqma/git-phlow/plugins/gh.go:87.49,89.3 1 0
github.com/praqma/git-phlow/plugins/gh.go:95.59,105.16 7 1
github.com/praqma/git-phlow/plugins/gh.go:109.2,110.49 2 1
github.com/praqma/git-phlow/plugins/gh.go:113.2,113.30 1 1
github.com/praqma/git-phlow/plugins/gh.go:105.16,107.3 1 0
github.com/praqma/git-phlow/plugins/gh.go:110.49,112.3 1 0
github.com/praqma/git-phlow/plugins/gh.go:118.74,128.16 7 1
github.com/praqma/git-phlow/plugins/gh.go:131.2,131.12 1 1
github.com/praqma/git-phlow/plugins/gh.go:128.16,130.3 1 0
github.com/praqma/git-phlow/plugins/gh.go:142.44,144.16 2 2
github.com/praqma/git-phlow/plugins/gh.go:148.2,149.31 2 2
github.com/praqma/git-phlow/plugins/gh.go:153.2,158.16 3 2
github.com/praqma/git-phlow/plugins/gh.go:161.2,161.25 1 2
github.com/praqma/git-phlow/plugins/gh.go:144.16,146.3 1 0
github.com/praqma/git-phlow/plugins/gh.go:149.31,151.3 1 0
github.com/praqma/git-phlow/plugins/gh.go:158.16,160.3 1 0
github.com/praqma/git-phlow/plugins/gh.go:166.72,169.16 2 1
github.com/praqma/git-phlow/plugins/gh.go:173.2,178.16 5 1
github.com/praqma/git-phlow/plugins/gh.go:182.2,183.49 2 1
github.com/praqma/git-phlow/plugins/gh.go:186.2,186.22 1 1
github.com/praqma/git-phlow/plugins/gh.go:169.16,171.3 1 0
github.com/praqma/git-phlow/plugins/gh.go:178.16,180.3 1 0
github.com/praqma/git-phlow/plugins/gh.go:183.49,185.3 1 0
github.com/praqma/git-phlow/plugins/plugin.go:22.13,39.2 16 1
github.com/praqma/git-phlow/plugins/plugin.go:42.31,43.30 1 0
github.com/praqma/git-phlow/plugins/plugin.go:46.2,46.10 1 0
github.com/praqma/git-phlow/plugins/plugin.go:43.30,45.3 1 0
github.com/praqma/git-phlow/plugins/plugin.go:51.57,63.2 8 7
github.com/praqma/git-phlow/plugins/plugin.go:67.45,69.16 2 1
github.com/praqma/git-phlow/plugins/plugin.go:72.2,72.12 1 1
github.com/praqma/git-phlow/plugins/plugin.go:69.16,71.3 1 0
github.com/praqma/git-phlow/plugins/plugin.go:77.51,79.27 2 2
github.com/praqma/git-phlow/plugins/plugin.go:82.2,82.24 1 2
github.com/praqma/git-phlow/plugins/plugin.go:79.27,81.3 1 5
github.com/praqma/git-phlow/plugins/pservice.go:31.52,33.2 1 5
github.com/praqma/git-phlow/plugins/pservice.go:37.39,39.2 1 5
github.com/praqma/git-phlow/plugins/pservice.go:43.73,45.31 1 5
github.com/praqma/git-phlow/plugins/pservice.go:49.2,49.45 1 5
github.com/praqma/git-phlow/plugins/pservice.go:53.2,55.44 2 5
github.com/praqma/git-phlow/plugins/pservice.go:59.2,59.56 1 5
github.com/praqma/git-phlow/plugins/pservice.go:62.2,62.18 1 5
github.com/praqma/git-phlow/plugins/pservice.go:45.31,47.3 1 0
github.com/praqma/git-phlow/plugins/pservice.go:49.45,51.3 1 0
github.com/praqma/git-phlow/plugins/pservice.go:55.44,57.3 1 0
github.com/praqma/git-phlow/plugins/pservice.go:59.56,61.3 1 0
github.com/praqma/git-phlow/plugins/pservice.go:67.46,68.24 1 5
github.com/praqma/git-phlow/plugins/pservice.go:69.26,70.13 1 2
github.com/praqma/git-phlow/plugins/pservice.go:71.21,72.13 1 3
github.com/praqma/git-phlow/plugins/pservice.go:73.11,75.54 1 0
github.com/praqma/git-phlow/plugins/pservice.go:76.27,78.69 1 0
github.com/praqma/git-phlow/plugins/pservice.go:79.10,81.79 1 0
