mode: count
github.com/praqma/git-phlow/githandler/git.go:14.36,17.2 2 5
github.com/praqma/git-phlow/githandler/git.go:20.70,24.2 3 2
github.com/praqma/git-phlow/githandler/git.go:30.70,36.2 2 0
github.com/praqma/git-phlow/githandler/git.go:40.21,43.2 2 1
github.com/praqma/git-phlow/githandler/git.go:47.40,49.16 2 0
github.com/praqma/git-phlow/githandler/git.go:52.2,52.36 1 0
github.com/praqma/git-phlow/githandler/git.go:49.16,51.3 1 0
github.com/praqma/git-phlow/githandler/git.go:56.18,59.2 2 0
github.com/praqma/git-phlow/githandler/git.go:62.45,64.2 1 0
github.com/praqma/git-phlow/githandler/git.go:67.20,70.2 2 1
github.com/praqma/git-phlow/githandler/git.go:73.25,76.2 2 0
github.com/praqma/git-phlow/githandler/git.go:79.29,81.2 1 0
github.com/praqma/git-phlow/githandler/git.go:84.29,86.2 1 0
github.com/praqma/git-phlow/githandler/git.go:89.63,94.2 3 0
github.com/praqma/git-phlow/githandler/git.go:97.33,100.2 2 0
github.com/praqma/git-phlow/githandler/git.go:111.36,114.95 3 0
github.com/praqma/git-phlow/githandler/git.go:117.2,118.37 2 0
github.com/praqma/git-phlow/githandler/git.go:114.95,116.3 1 0
github.com/praqma/git-phlow/githandler/git.go:121.49,125.36 2 3
github.com/praqma/git-phlow/githandler/git.go:130.2,130.36 1 1
github.com/praqma/git-phlow/githandler/git.go:138.2,138.22 1 0
github.com/praqma/git-phlow/githandler/git.go:125.36,128.3 2 2
github.com/praqma/git-phlow/githandler/git.go:130.36,135.3 4 1
github.com/praqma/git-phlow/githandler/branch.go:16.37,18.16 2 0
github.com/praqma/git-phlow/githandler/branch.go:21.2,21.8 1 0
github.com/praqma/git-phlow/githandler/branch.go:18.16,20.3 1 0
github.com/praqma/git-phlow/githandler/branch.go:25.36,30.17 4 7
github.com/praqma/git-phlow/githandler/branch.go:34.2,35.17 2 7
github.com/praqma/git-phlow/githandler/branch.go:39.2,40.53 2 7
github.com/praqma/git-phlow/githandler/branch.go:47.2,47.19 1 7
github.com/praqma/git-phlow/githandler/branch.go:30.17,32.3 1 0
github.com/praqma/git-phlow/githandler/branch.go:35.17,37.3 1 0
github.com/praqma/git-phlow/githandler/branch.go:40.53,41.19 1 80
github.com/praqma/git-phlow/githandler/branch.go:41.19,45.4 3 73
github.com/praqma/git-phlow/githandler/branch.go:51.38,54.2 2 0
github.com/praqma/git-phlow/githandler/branch.go:57.82,58.18 1 3
github.com/praqma/git-phlow/githandler/branch.go:62.2,62.11 1 1
github.com/praqma/git-phlow/githandler/branch.go:65.2,65.61 1 1
github.com/praqma/git-phlow/githandler/branch.go:58.18,60.3 1 2
github.com/praqma/git-phlow/githandler/branch.go:62.11,64.3 1 0
github.com/praqma/git-phlow/githandler/branch.go:69.87,72.16 2 1
github.com/praqma/git-phlow/githandler/branch.go:76.2,76.35 1 1
github.com/praqma/git-phlow/githandler/branch.go:85.2,85.8 1 1
github.com/praqma/git-phlow/githandler/branch.go:72.16,74.3 1 0
github.com/praqma/git-phlow/githandler/branch.go:76.35,77.46 1 11
github.com/praqma/git-phlow/githandler/branch.go:80.3,80.64 1 11
github.com/praqma/git-phlow/githandler/branch.go:77.46,79.4 1 1
github.com/praqma/git-phlow/githandler/branch.go:80.64,83.4 2 2
github.com/praqma/git-phlow/githandler/branch.go:88.37,90.16 2 1
github.com/praqma/git-phlow/githandler/branch.go:93.2,93.39 1 1
github.com/praqma/git-phlow/githandler/branch.go:90.16,92.3 1 0
github.com/praqma/git-phlow/githandler/branch.go:97.74,99.16 2 1
github.com/praqma/git-phlow/githandler/branch.go:103.2,103.35 1 1
github.com/praqma/git-phlow/githandler/branch.go:109.2,109.8 1 1
github.com/praqma/git-phlow/githandler/branch.go:99.16,101.3 1 0
github.com/praqma/git-phlow/githandler/branch.go:103.35,104.62 1 11
github.com/praqma/git-phlow/githandler/branch.go:104.62,107.4 2 2
github.com/praqma/git-phlow/githandler/branch.go:113.43,115.16 2 2
github.com/praqma/git-phlow/githandler/branch.go:118.2,118.29 1 1
github.com/praqma/git-phlow/githandler/branch.go:115.16,117.3 1 1
github.com/praqma/git-phlow/githandler/config.go:11.47,15.2 3 4
github.com/praqma/git-phlow/githandler/config.go:18.42,22.2 3 0
github.com/praqma/git-phlow/githandler/config.go:25.48,29.2 3 0
