mode: count
github.com/praqma/git-phlow/executor/executor.go:15.36,17.27 2 0
github.com/praqma/git-phlow/executor/executor.go:20.2,20.15 1 0
github.com/praqma/git-phlow/executor/executor.go:17.27,19.3 1 0
github.com/praqma/git-phlow/executor/executor.go:25.69,28.31 2 2
github.com/praqma/git-phlow/executor/executor.go:32.2,37.36 4 2
github.com/praqma/git-phlow/executor/executor.go:41.2,41.35 1 1
github.com/praqma/git-phlow/executor/executor.go:45.2,45.35 1 1
github.com/praqma/git-phlow/executor/executor.go:28.31,30.3 1 0
github.com/praqma/git-phlow/executor/executor.go:37.36,39.3 1 1
github.com/praqma/git-phlow/executor/executor.go:41.35,43.3 1 0
github.com/praqma/git-phlow/executor/executor.go:50.77,57.40 4 5
github.com/praqma/git-phlow/executor/executor.go:66.2,66.38 1 5
github.com/praqma/git-phlow/executor/executor.go:76.2,76.48 1 3
github.com/praqma/git-phlow/executor/executor.go:80.2,80.12 1 3
github.com/praqma/git-phlow/executor/executor.go:57.40,64.3 5 5
github.com/praqma/git-phlow/executor/executor.go:66.38,67.32 1 9
github.com/praqma/git-phlow/executor/executor.go:71.3,71.45 1 9
github.com/praqma/git-phlow/executor/executor.go:67.32,69.4 1 0
github.com/praqma/git-phlow/executor/executor.go:71.45,73.4 1 2
github.com/praqma/git-phlow/executor/executor.go:76.48,78.3 1 0
github.com/praqma/git-phlow/executor/executor.go:85.72,87.25 1 9
github.com/praqma/git-phlow/executor/executor.go:91.2,91.15 1 6
github.com/praqma/git-phlow/executor/executor.go:105.2,105.28 1 6
github.com/praqma/git-phlow/executor/executor.go:87.25,89.3 1 3
github.com/praqma/git-phlow/executor/executor.go:91.15,93.21 1 6
github.com/praqma/git-phlow/executor/executor.go:99.3,99.53 1 6
github.com/praqma/git-phlow/executor/executor.go:93.21,94.42 1 3
github.com/praqma/git-phlow/executor/executor.go:97.4,97.21 1 3
github.com/praqma/git-phlow/executor/executor.go:94.42,96.5 1 0
github.com/praqma/git-phlow/executor/executor.go:99.53,101.4 1 0
